<?xml version="1.0" encoding="UTF-8"?>
<!-- Generated by org.testng.reporters.JUnitXMLReporter -->
<testsuite hostname="Opti-QApp" name="UserGroup" tests="7" failures="0" timestamp="20 Apr 2020 10:29:36 GMT" time="46.908" errors="0">
  <testcase name="testHomePage" time="31.867" classname="testcases.HomePageTest"/>
  <testcase name="testAddUserGroup" time="33.229" classname="testcases.UserGroupTest"/>
  <testcase name="testAddUserGroup" time="1.595" classname="testcases.UserGroupTest"/>
  <testcase name="testUpdateUserGroup" time="34.715" classname="testcases.UserGroupTest"/>
  <testcase name="testAddUserGroup" time="1.55" classname="testcases.UserGroupTest"/>
  <testcase name="testUpdateUserGroup" time="3.351" classname="testcases.UserGroupTest"/>
  <testcase name="testUpdateUserGroup" time="3.185" classname="testcases.UserGroupTest"/>
</testsuite> <!-- UserGroup -->
